<?xml version="1.0" encoding="UTF-8"?>
<coverage generated="1574869438972" clover="3.2.0">
  <project timestamp="1574869438972" name="All files">
    <metrics statements="19" coveredstatements="18" conditionals="4" coveredconditionals="4" methods="15" coveredmethods="15" elements="38" coveredelements="37" complexity="0" loc="19" ncloc="19" packages="4" files="5" classes="5"/>
    <package name="src">
      <metrics statements="1" coveredstatements="0" conditionals="0" coveredconditionals="0" methods="0" coveredmethods="0"/>
      <file name="App.vue" path="/Users/cumelmell/Code/testspace/github/frontEnd-test/charter4/vue-test/src/App.vue">
        <metrics statements="1" coveredstatements="0" conditionals="0" coveredconditionals="0" methods="0" coveredmethods="0"/>
        <line num="8" count="0" type="stmt"/>
      </file>
    </package>
    <package name="src.containers.TodoList">
      <metrics statements="8" coveredstatements="8" conditionals="2" coveredconditionals="2" methods="8" coveredmethods="8"/>
      <file name="TodoList.vue" path="/Users/cumelmell/Code/testspace/github/frontEnd-test/charter4/vue-test/src/containers/TodoList/TodoList.vue">
        <metrics statements="8" coveredstatements="8" conditionals="2" coveredconditionals="2" methods="8" coveredmethods="8"/>
        <line num="16" count="1" type="stmt"/>
        <line num="17" count="1" type="stmt"/>
        <line num="26" count="7" type="stmt"/>
        <line num="32" count="1" type="stmt"/>
        <line num="38" count="1" type="stmt"/>
        <line num="41" count="4" type="stmt"/>
        <line num="47" count="4" type="stmt"/>
        <line num="53" count="1" type="stmt"/>
      </file>
    </package>
    <package name="src.containers.TodoList.components">
      <metrics statements="8" coveredstatements="8" conditionals="2" coveredconditionals="2" methods="6" coveredmethods="6"/>
      <file name="Header.vue" path="/Users/cumelmell/Code/testspace/github/frontEnd-test/charter4/vue-test/src/containers/TodoList/components/Header.vue">
        <metrics statements="4" coveredstatements="4" conditionals="2" coveredconditionals="2" methods="2" coveredmethods="2"/>
        <line num="13" count="6" type="stmt"/>
        <line num="19" count="2" type="cond" truecount="2" falsecount="0"/>
        <line num="20" count="1" type="stmt"/>
        <line num="21" count="1" type="stmt"/>
      </file>
      <file name="UndoList.vue" path="/Users/cumelmell/Code/testspace/github/frontEnd-test/charter4/vue-test/src/containers/TodoList/components/UndoList.vue">
        <metrics statements="4" coveredstatements="4" conditionals="0" coveredconditionals="0" methods="4" coveredmethods="4"/>
        <line num="34" count="1" type="stmt"/>
        <line num="37" count="2" type="stmt"/>
        <line num="40" count="1" type="stmt"/>
        <line num="43" count="1" type="stmt"/>
      </file>
    </package>
    <package name="src.utils">
      <metrics statements="2" coveredstatements="2" conditionals="0" coveredconditionals="0" methods="1" coveredmethods="1"/>
      <file name="testUtils.js" path="/Users/cumelmell/Code/testspace/github/frontEnd-test/charter4/vue-test/src/utils/testUtils.js">
        <metrics statements="2" coveredstatements="2" conditionals="0" coveredconditionals="0" methods="1" coveredmethods="1"/>
        <line num="1" count="2" type="stmt"/>
        <line num="2" count="14" type="stmt"/>
      </file>
    </package>
  </project>
</coverage>
