TN:
SF:/Users/cumelmell/Code/testspace/github/frontEnd-test/charter4/vue-test/src/App.vue
FNF:0
FNH:0
DA:8,0
LF:1
LH:0
BRF:0
BRH:0
end_of_record
TN:
SF:/Users/cumelmell/Code/testspace/github/frontEnd-test/charter4/vue-test/src/containers/TodoList/TodoList.vue
FN:25,(anonymous_1)
FN:31,(anonymous_2)
FN:37,(anonymous_3)
FN:40,(anonymous_4)
FN:41,(anonymous_5)
FN:46,(anonymous_6)
FN:47,(anonymous_7)
FN:52,(anonymous_8)
FNF:8
FNH:8
FNDA:7,(anonymous_1)
FNDA:1,(anonymous_2)
FNDA:1,(anonymous_3)
FNDA:1,(anonymous_4)
FNDA:3,(anonymous_5)
FNDA:1,(anonymous_6)
FNDA:3,(anonymous_7)
FNDA:1,(anonymous_8)
DA:16,1
DA:17,1
DA:26,7
DA:32,1
DA:38,1
DA:41,4
DA:47,4
DA:53,1
LF:8
LH:8
BRDA:43,0,0,1
BRDA:43,0,1,2
BRF:2
BRH:2
end_of_record
TN:
SF:/Users/cumelmell/Code/testspace/github/frontEnd-test/charter4/vue-test/src/containers/TodoList/components/Header.vue
FN:12,(anonymous_1)
FN:18,(anonymous_2)
FNF:2
FNH:2
FNDA:6,(anonymous_1)
FNDA:2,(anonymous_2)
DA:13,6
DA:19,2
DA:20,1
DA:21,1
LF:4
LH:4
BRDA:19,0,0,1
BRDA:19,0,1,1
BRF:2
BRH:2
end_of_record
TN:
SF:/Users/cumelmell/Code/testspace/github/frontEnd-test/charter4/vue-test/src/containers/TodoList/components/UndoList.vue
FN:33,(anonymous_1)
FN:36,(anonymous_2)
FN:39,(anonymous_3)
FN:42,(anonymous_4)
FNF:4
FNH:4
FNDA:1,(anonymous_1)
FNDA:2,(anonymous_2)
FNDA:1,(anonymous_3)
FNDA:1,(anonymous_4)
DA:34,1
DA:37,2
DA:40,1
DA:43,1
LF:4
LH:4
BRF:0
BRH:0
end_of_record
TN:
SF:/Users/cumelmell/Code/testspace/github/frontEnd-test/charter4/vue-test/src/utils/testUtils.js
FN:1,(anonymous_0)
FNF:1
FNH:1
FNDA:14,(anonymous_0)
DA:1,2
DA:2,14
LF:2
LH:2
BRF:0
BRH:0
end_of_record
